<?xml version="1.0" encoding="UTF-8"?>
<!-- Generated by org.testng.reporters.JUnitReportReporter -->
<testsuite hostname="DESKTOP-KTFF14T" failures="0" tests="1" name="tests.taskTest" time="13.352" errors="0" timestamp="2022-02-19T21:29:17 IST" skipped="0">
  <testcase classname="tests.taskTest" name="homeAssignment" time="13.352"/>
  <system-out/>
</testsuite> <!-- tests.taskTest -->
